[debug] [2024-11-18T11:50:12.668Z] ----------------------------------------------------------------------
[debug] [2024-11-18T11:50:12.670Z] Command:       /usr/local/bin/node /usr/local/bin/firebase deploy --only hosting
[debug] [2024-11-18T11:50:12.670Z] CLI Version:   13.25.0
[debug] [2024-11-18T11:50:12.671Z] Platform:      darwin
[debug] [2024-11-18T11:50:12.671Z] Node Version:  v19.5.0
[debug] [2024-11-18T11:50:12.671Z] Time:          Mon Nov 18 2024 20:50:12 GMT+0900 (Japan Standard Time)
[debug] [2024-11-18T11:50:12.671Z] ----------------------------------------------------------------------
[debug] 
[debug] [2024-11-18T11:50:12.726Z] > command requires scopes: ["email","openid","https://www.googleapis.com/auth/cloudplatformprojects.readonly","https://www.googleapis.com/auth/firebase","https://www.googleapis.com/auth/cloud-platform"]
[debug] [2024-11-18T11:50:12.726Z] > authorizing via signed-in user (consciousness@ishikismoothy.com)
[debug] [2024-11-18T11:50:12.727Z] [iam] checking project solfie-398005 for permissions ["firebase.projects.get","firebasehosting.sites.update"]
[debug] [2024-11-18T11:50:12.728Z] Checked if tokens are valid: true, expires at: 1731931962114
[debug] [2024-11-18T11:50:12.728Z] Checked if tokens are valid: true, expires at: 1731931962114
[debug] [2024-11-18T11:50:12.728Z] >>> [apiv2][query] POST https://cloudresourcemanager.googleapis.com/v1/projects/solfie-398005:testIamPermissions [none]
[debug] [2024-11-18T11:50:12.729Z] >>> [apiv2][(partial)header] POST https://cloudresourcemanager.googleapis.com/v1/projects/solfie-398005:testIamPermissions x-goog-quota-user=projects/solfie-398005
[debug] [2024-11-18T11:50:12.729Z] >>> [apiv2][body] POST https://cloudresourcemanager.googleapis.com/v1/projects/solfie-398005:testIamPermissions {"permissions":["firebase.projects.get","firebasehosting.sites.update"]}
[debug] [2024-11-18T11:50:13.462Z] <<< [apiv2][status] POST https://cloudresourcemanager.googleapis.com/v1/projects/solfie-398005:testIamPermissions 200
[debug] [2024-11-18T11:50:13.462Z] <<< [apiv2][body] POST https://cloudresourcemanager.googleapis.com/v1/projects/solfie-398005:testIamPermissions {"permissions":["firebase.projects.get","firebasehosting.sites.update"]}
[debug] [2024-11-18T11:50:13.463Z] Checked if tokens are valid: true, expires at: 1731931962114
[debug] [2024-11-18T11:50:13.463Z] Checked if tokens are valid: true, expires at: 1731931962114
[debug] [2024-11-18T11:50:13.463Z] >>> [apiv2][query] GET https://firebase.googleapis.com/v1beta1/projects/solfie-398005 [none]
[debug] [2024-11-18T11:50:13.861Z] <<< [apiv2][status] GET https://firebase.googleapis.com/v1beta1/projects/solfie-398005 200
[debug] [2024-11-18T11:50:13.861Z] <<< [apiv2][body] GET https://firebase.googleapis.com/v1beta1/projects/solfie-398005 {"projectId":"solfie-398005","projectNumber":"682411258127","displayName":"Solfie","name":"projects/solfie-398005","resources":{"hostingSite":"solfie-398005"},"state":"ACTIVE","etag":"1_6d870989-2eef-4281-b853-23175d32157f"}
[info] 
[info] === Deploying to 'solfie-398005'...
[info] 
[info] i  deploying hosting 
[debug] [2024-11-18T11:50:13.867Z] Checked if tokens are valid: true, expires at: 1731931962114
[debug] [2024-11-18T11:50:13.867Z] Checked if tokens are valid: true, expires at: 1731931962114
[debug] [2024-11-18T11:50:13.867Z] >>> [apiv2][query] POST https://firebasehosting.googleapis.com/v1beta1/projects/-/sites/solfie-398005/versions [none]
[debug] [2024-11-18T11:50:13.867Z] >>> [apiv2][body] POST https://firebasehosting.googleapis.com/v1beta1/projects/-/sites/solfie-398005/versions {"status":"CREATED","labels":{"deployment-tool":"cli-firebase"}}
